[0.109s] DEBUG:colcon:Command line arguments: ['/usr/bin/colcon', 'list', '-p', '--base-paths', '/home/kotai/ws/src/dolly']
[0.109s] DEBUG:colcon:Parsed command line arguments: Namespace(base_paths=['/home/kotai/ws/src/dolly'], build_base='build', ignore_user_meta=False, log_base=None, log_level=None, main=<bound method ListVerb.main of <colcon_package_information.verb.list.ListVerb object at 0x7f6d5e2da370>>, metas=['./colcon.meta'], names_only=False, packages_above=None, packages_above_and_dependencies=None, packages_above_depth=None, packages_end=None, packages_ignore=None, packages_ignore_regex=None, packages_select=None, packages_select_build_failed=False, packages_select_by_dep=None, packages_select_regex=None, packages_select_test_failures=False, packages_skip=None, packages_skip_build_finished=False, packages_skip_by_dep=None, packages_skip_regex=None, packages_skip_test_passed=False, packages_skip_up_to=None, packages_start=None, packages_up_to=None, packages_up_to_regex=None, paths=None, paths_only=True, topological_graph=False, topological_graph_density=False, topological_graph_dot=False, topological_graph_dot_cluster=False, topological_graph_dot_include_skipped=False, topological_graph_legend=False, topological_order=False, verb_extension=<colcon_package_information.verb.list.ListVerb object at 0x7f6d5e2da370>, verb_name='list', verb_parser=<colcon_defaults.argument_parser.defaults.DefaultArgumentsDecorator object at 0x7f6d5e16aaf0>)
[0.150s] Level 1:colcon.colcon_core.package_discovery:discover_packages(colcon_meta) check parameters
[0.150s] Level 1:colcon.colcon_core.package_discovery:discover_packages(recursive) check parameters
[0.150s] Level 1:colcon.colcon_core.package_discovery:discover_packages(ignore) check parameters
[0.150s] Level 1:colcon.colcon_core.package_discovery:discover_packages(path) check parameters
[0.150s] Level 1:colcon.colcon_core.package_discovery:discover_packages(recursive) discover
[0.150s] INFO:colcon.colcon_core.package_discovery:Crawling recursively for packages in '/home/kotai/ws/src/dolly'
[0.150s] Level 1:colcon.colcon_core.package_identification:_identify(/home/kotai/ws/src/dolly) by extensions ['ignore', 'ignore_ament_install']
[0.150s] Level 1:colcon.colcon_core.package_identification:_identify(/home/kotai/ws/src/dolly) by extension 'ignore'
[0.151s] Level 1:colcon.colcon_core.package_identification:_identify(/home/kotai/ws/src/dolly) by extension 'ignore_ament_install'
[0.151s] Level 1:colcon.colcon_core.package_identification:_identify(/home/kotai/ws/src/dolly) by extensions ['colcon_pkg']
[0.151s] Level 1:colcon.colcon_core.package_identification:_identify(/home/kotai/ws/src/dolly) by extension 'colcon_pkg'
[0.151s] Level 1:colcon.colcon_core.package_identification:_identify(/home/kotai/ws/src/dolly) by extensions ['colcon_meta']
[0.151s] Level 1:colcon.colcon_core.package_identification:_identify(/home/kotai/ws/src/dolly) by extension 'colcon_meta'
[0.151s] Level 1:colcon.colcon_core.package_identification:_identify(/home/kotai/ws/src/dolly) by extensions ['ros']
[0.151s] Level 1:colcon.colcon_core.package_identification:_identify(/home/kotai/ws/src/dolly) by extension 'ros'
[0.164s] Level 1:colcon.colcon_core.package_identification:_identify(/home/kotai/ws/src/dolly) by extensions ['cmake', 'python']
[0.164s] Level 1:colcon.colcon_core.package_identification:_identify(/home/kotai/ws/src/dolly) by extension 'cmake'
[0.164s] Level 1:colcon.colcon_core.package_identification:_identify(/home/kotai/ws/src/dolly) by extension 'python'
[0.164s] Level 1:colcon.colcon_core.package_identification:_identify(/home/kotai/ws/src/dolly) by extensions ['python_setup_py']
[0.164s] Level 1:colcon.colcon_core.package_identification:_identify(/home/kotai/ws/src/dolly) by extension 'python_setup_py'
[0.164s] Level 1:colcon.colcon_core.package_identification:_identify(/home/kotai/ws/src/dolly/dolly) by extensions ['ignore', 'ignore_ament_install']
[0.164s] Level 1:colcon.colcon_core.package_identification:_identify(/home/kotai/ws/src/dolly/dolly) by extension 'ignore'
[0.164s] Level 1:colcon.colcon_core.package_identification:_identify(/home/kotai/ws/src/dolly/dolly) by extension 'ignore_ament_install'
[0.165s] Level 1:colcon.colcon_core.package_identification:_identify(/home/kotai/ws/src/dolly/dolly) by extensions ['colcon_pkg']
[0.165s] Level 1:colcon.colcon_core.package_identification:_identify(/home/kotai/ws/src/dolly/dolly) by extension 'colcon_pkg'
[0.165s] Level 1:colcon.colcon_core.package_identification:_identify(/home/kotai/ws/src/dolly/dolly) by extensions ['colcon_meta']
[0.165s] Level 1:colcon.colcon_core.package_identification:_identify(/home/kotai/ws/src/dolly/dolly) by extension 'colcon_meta'
[0.165s] Level 1:colcon.colcon_core.package_identification:_identify(/home/kotai/ws/src/dolly/dolly) by extensions ['ros']
[0.165s] Level 1:colcon.colcon_core.package_identification:_identify(/home/kotai/ws/src/dolly/dolly) by extension 'ros'
[0.168s] DEBUG:colcon.colcon_core.package_identification:Package '/home/kotai/ws/src/dolly/dolly' with type 'ros.ament_cmake' and name 'dolly'
[0.168s] Level 1:colcon.colcon_core.package_identification:_identify(/home/kotai/ws/src/dolly/dolly_follow) by extensions ['ignore', 'ignore_ament_install']
[0.168s] Level 1:colcon.colcon_core.package_identification:_identify(/home/kotai/ws/src/dolly/dolly_follow) by extension 'ignore'
[0.168s] Level 1:colcon.colcon_core.package_identification:_identify(/home/kotai/ws/src/dolly/dolly_follow) by extension 'ignore_ament_install'
[0.168s] Level 1:colcon.colcon_core.package_identification:_identify(/home/kotai/ws/src/dolly/dolly_follow) by extensions ['colcon_pkg']
[0.168s] Level 1:colcon.colcon_core.package_identification:_identify(/home/kotai/ws/src/dolly/dolly_follow) by extension 'colcon_pkg'
[0.168s] Level 1:colcon.colcon_core.package_identification:_identify(/home/kotai/ws/src/dolly/dolly_follow) by extensions ['colcon_meta']
[0.168s] Level 1:colcon.colcon_core.package_identification:_identify(/home/kotai/ws/src/dolly/dolly_follow) by extension 'colcon_meta'
[0.168s] Level 1:colcon.colcon_core.package_identification:_identify(/home/kotai/ws/src/dolly/dolly_follow) by extensions ['ros']
[0.168s] Level 1:colcon.colcon_core.package_identification:_identify(/home/kotai/ws/src/dolly/dolly_follow) by extension 'ros'
[0.169s] DEBUG:colcon.colcon_core.package_identification:Package '/home/kotai/ws/src/dolly/dolly_follow' with type 'ros.ament_cmake' and name 'dolly_follow'
[0.170s] Level 1:colcon.colcon_core.package_identification:_identify(/home/kotai/ws/src/dolly/dolly_gazebo) by extensions ['ignore', 'ignore_ament_install']
[0.170s] Level 1:colcon.colcon_core.package_identification:_identify(/home/kotai/ws/src/dolly/dolly_gazebo) by extension 'ignore'
[0.170s] Level 1:colcon.colcon_core.package_identification:_identify(/home/kotai/ws/src/dolly/dolly_gazebo) by extension 'ignore_ament_install'
[0.170s] Level 1:colcon.colcon_core.package_identification:_identify(/home/kotai/ws/src/dolly/dolly_gazebo) by extensions ['colcon_pkg']
[0.170s] Level 1:colcon.colcon_core.package_identification:_identify(/home/kotai/ws/src/dolly/dolly_gazebo) by extension 'colcon_pkg'
[0.170s] Level 1:colcon.colcon_core.package_identification:_identify(/home/kotai/ws/src/dolly/dolly_gazebo) by extensions ['colcon_meta']
[0.170s] Level 1:colcon.colcon_core.package_identification:_identify(/home/kotai/ws/src/dolly/dolly_gazebo) by extension 'colcon_meta'
[0.170s] Level 1:colcon.colcon_core.package_identification:_identify(/home/kotai/ws/src/dolly/dolly_gazebo) by extensions ['ros']
[0.170s] Level 1:colcon.colcon_core.package_identification:_identify(/home/kotai/ws/src/dolly/dolly_gazebo) by extension 'ros'
[0.171s] DEBUG:colcon.colcon_core.package_identification:Package '/home/kotai/ws/src/dolly/dolly_gazebo' with type 'ros.ament_cmake' and name 'dolly_gazebo'
[0.171s] Level 1:colcon.colcon_core.package_identification:_identify(/home/kotai/ws/src/dolly/dolly_ignition) by extensions ['ignore', 'ignore_ament_install']
[0.171s] Level 1:colcon.colcon_core.package_identification:_identify(/home/kotai/ws/src/dolly/dolly_ignition) by extension 'ignore'
[0.171s] Level 1:colcon.colcon_core.package_identification:_identify(/home/kotai/ws/src/dolly/dolly_ignition) by extension 'ignore_ament_install'
[0.171s] Level 1:colcon.colcon_core.package_identification:_identify(/home/kotai/ws/src/dolly/dolly_ignition) by extensions ['colcon_pkg']
[0.171s] Level 1:colcon.colcon_core.package_identification:_identify(/home/kotai/ws/src/dolly/dolly_ignition) by extension 'colcon_pkg'
[0.171s] Level 1:colcon.colcon_core.package_identification:_identify(/home/kotai/ws/src/dolly/dolly_ignition) by extensions ['colcon_meta']
[0.172s] Level 1:colcon.colcon_core.package_identification:_identify(/home/kotai/ws/src/dolly/dolly_ignition) by extension 'colcon_meta'
[0.172s] Level 1:colcon.colcon_core.package_identification:_identify(/home/kotai/ws/src/dolly/dolly_ignition) by extensions ['ros']
[0.172s] Level 1:colcon.colcon_core.package_identification:_identify(/home/kotai/ws/src/dolly/dolly_ignition) by extension 'ros'
[0.172s] DEBUG:colcon.colcon_core.package_identification:Package '/home/kotai/ws/src/dolly/dolly_ignition' with type 'ros.ament_cmake' and name 'dolly_ignition'
[0.173s] Level 1:colcon.colcon_core.package_identification:_identify(/home/kotai/ws/src/dolly/images) by extensions ['ignore', 'ignore_ament_install']
[0.173s] Level 1:colcon.colcon_core.package_identification:_identify(/home/kotai/ws/src/dolly/images) by extension 'ignore'
[0.173s] Level 1:colcon.colcon_core.package_identification:_identify(/home/kotai/ws/src/dolly/images) by extension 'ignore_ament_install'
[0.173s] Level 1:colcon.colcon_core.package_identification:_identify(/home/kotai/ws/src/dolly/images) by extensions ['colcon_pkg']
[0.173s] Level 1:colcon.colcon_core.package_identification:_identify(/home/kotai/ws/src/dolly/images) by extension 'colcon_pkg'
[0.173s] Level 1:colcon.colcon_core.package_identification:_identify(/home/kotai/ws/src/dolly/images) by extensions ['colcon_meta']
[0.173s] Level 1:colcon.colcon_core.package_identification:_identify(/home/kotai/ws/src/dolly/images) by extension 'colcon_meta'
[0.173s] Level 1:colcon.colcon_core.package_identification:_identify(/home/kotai/ws/src/dolly/images) by extensions ['ros']
[0.173s] Level 1:colcon.colcon_core.package_identification:_identify(/home/kotai/ws/src/dolly/images) by extension 'ros'
[0.173s] Level 1:colcon.colcon_core.package_identification:_identify(/home/kotai/ws/src/dolly/images) by extensions ['cmake', 'python']
[0.173s] Level 1:colcon.colcon_core.package_identification:_identify(/home/kotai/ws/src/dolly/images) by extension 'cmake'
[0.173s] Level 1:colcon.colcon_core.package_identification:_identify(/home/kotai/ws/src/dolly/images) by extension 'python'
[0.173s] Level 1:colcon.colcon_core.package_identification:_identify(/home/kotai/ws/src/dolly/images) by extensions ['python_setup_py']
[0.173s] Level 1:colcon.colcon_core.package_identification:_identify(/home/kotai/ws/src/dolly/images) by extension 'python_setup_py'
[0.174s] Level 1:colcon.colcon_core.package_identification:_identify(/home/kotai/ws/src/dolly/log) by extensions ['ignore', 'ignore_ament_install']
[0.174s] Level 1:colcon.colcon_core.package_identification:_identify(/home/kotai/ws/src/dolly/log) by extension 'ignore'
[0.174s] Level 1:colcon.colcon_core.package_identification:_identify(/home/kotai/ws/src/dolly/log) ignored
[0.174s] Level 1:colcon.colcon_core.package_discovery:discover_packages(recursive) using defaults
